#
# A fatal error has been detected by the Java Runtime Environment:
#
#  SIGSEGV (0xb) at pc=0x00000001060232b0, pid=1728, tid=17411
#
# JRE version: Java(TM) SE Runtime Environment (8.0_25-b17) (build 1.8.0_25-b17)
# Java VM: Java HotSpot(TM) 64-Bit Server VM (25.25-b02 mixed mode bsd-amd64 compressed oops)
# Problematic frame:
# V  [libjvm.dylib+0x4232b0]
#
# Failed to write core dump. Core dumps have been disabled. To enable core dumping, try "ulimit -c unlimited" before starting Java again
#
# If you would like to submit a bug report, please visit:
#   http://bugreport.sun.com/bugreport/crash.jsp
#

---------------  T H R E A D  ---------------

Current thread (0x00007fc31c014800):  JavaThread "JDWP Transport Listener: dt_socket" daemon [_thread_in_vm, id=17411, stack(0x0000700000bbe000,0x0000700000cbe000)]

siginfo: si_signo: 11 (SIGSEGV), si_code: 0 (unknown), si_addr: 0x0000000000000000

Registers:
RAX=0x0000000000000001, RBX=0x0000700000cbda8b, RCX=0x00000001063d6c80, RDX=0x0000700000cbda8b
RSP=0x0000700000cbd9d0, RBP=0x0000700000cbd9e0, RSI=0x00007fc31c014800, RDI=0x6c2e656372756f73
R8 =0x0000000000000000, R9 =0x00007fc31af1b4f0, R10=0x00000000ff858ae3, R11=0x00007fc31af00000
R12=0x00007fc31c014800, R13=0x6c2e656372756f73, R14=0x6c2e656372756f73, R15=0x00007fc31ae00690
RIP=0x00000001060232b0, EFLAGS=0x0000000000010202, ERR=0x0000000000000000
  TRAPNO=0x000000000000000d

Top of Stack: (sp=0x0000700000cbd9d0)
0x0000700000cbd9d0:   0000700000cbda8b 0000700000cbda8b
0x0000700000cbd9e0:   0000700000cbda40 0000000105f3526e
0x0000700000cbd9f0:   00007fc31c014800 0000000000000000
0x0000700000cbda00:   0000000000000000 0000000000000000
0x0000700000cbda10:   00007fc31c014800 00007fc31c014800
0x0000700000cbda20:   0000700000cbda8b 0000700000cbda90
0x0000700000cbda30:   6c2e656372756f73 0000000000000014
0x0000700000cbda40:   0000700000cbda60 00000001053867dc
0x0000700000cbda50:   0000000000000001 0000700000cbdb08
0x0000700000cbda60:   0000700000cbdad0 000000010536b263
0x0000700000cbda70:   0000700000cbdaa0 00007fc31af1b8f0
0x0000700000cbda80:   0000001500000032 0000000800cbdb08
0x0000700000cbda90:   0000000000000000 0000000000000000
0x0000700000cbdaa0:   0000000000000000 0000700000cbdc90
0x0000700000cbdab0:   000000010538deca 00007fc31af1bcf0
0x0000700000cbdac0:   0000700000cbdb08 0000000105399588
0x0000700000cbdad0:   0000700000cbdae0 000000010536b35c
0x0000700000cbdae0:   0000700000cbdd00 00000001053748f6
0x0000700000cbdaf0:   000198a800000013 00000000000f0200
0x0000700000cbdb00:   00007fc31af1a530 00007fc31c840df6
0x0000700000cbdb10:   00007fc3000002ba 00007fc31af1b9e0
0x0000700000cbdb20:   00007fc30000012c 0000700000cbdb58
0x0000700000cbdb30:   00007fc31af1b9c0 0000000000000000
0x0000700000cbdb40:   000198a80000000f 0000000000000080
0x0000700000cbdb50:   0000700000cbdb58 c37f000015000000
0x0000700000cbdb60:   1400000090d0c11a 72656d754e746567
0x0000700000cbdb70:   6964726f6f436369 170000006574616e
0x0000700000cbdb80:   2f6176616a4c5b28 7274532f676e616c
0x0000700000cbdb90:   00495b293b676e69 000a000000000000
0x0000700000cbdba0:   0070d0c11ac37f00 4d656b616d080000
0x0000700000cbdbb0:   281f00000065766f 6e6f632f61634c29
0x0000700000cbdbc0:   642f616964726f63 72617a6164697661 

Instructions: (pc=0x00000001060232b0)
0x0000000106023290:   40 48 48 85 c0 75 e0 30 c0 0f b6 c0 5d c3 31 c0
0x00000001060232a0:   5d c3 55 48 89 e5 53 48 83 ec 08 48 85 ff 74 24
0x00000001060232b0:   48 8b 1f 48 85 db 74 1c 48 83 fb 37 74 16 48 8b
0x00000001060232c0:   03 48 89 df ff 50 10 84 c0 b8 00 00 00 00 48 0f 

Register to memory mapping:

RAX=0x0000000000000001 is an unknown value
RBX=0x0000700000cbda8b is pointing into the stack for thread: 0x00007fc31c014800
RCX=0x00000001063d6c80: UseMembar+0 in /Library/Java/JavaVirtualMachines/jdk1.8.0_25.jdk/Contents/Home/jre/lib/server/libjvm.dylib at 0x0000000105c00000
RDX=0x0000700000cbda8b is pointing into the stack for thread: 0x00007fc31c014800
RSP=0x0000700000cbd9d0 is pointing into the stack for thread: 0x00007fc31c014800
RBP=0x0000700000cbd9e0 is pointing into the stack for thread: 0x00007fc31c014800
RSI=0x00007fc31c014800 is a thread
RDI=0x6c2e656372756f73 is an unknown value
R8 =0x0000000000000000 is an unknown value
R9 =0x00007fc31af1b4f0 is an unknown value
R10=0x00000000ff858ae3 is an unknown value
R11=0x00007fc31af00000 is an unknown value
R12=0x00007fc31c014800 is a thread
R13=0x6c2e656372756f73 is an unknown value
R14=0x6c2e656372756f73 is an unknown value
R15=0x00007fc31ae00690 is an unknown value


Stack: [0x0000700000bbe000,0x0000700000cbe000],  sp=0x0000700000cbd9d0,  free space=1022k
Native frames: (J=compiled Java code, j=interpreted, Vv=VM code, C=native code)
V  [libjvm.dylib+0x4232b0]
V  [libjvm.dylib+0x33526e]
C  [libjdwp.dylib+0x207dc]  isMethodSynthetic+0x63
C  [libjdwp.dylib+0x5263]  methods1+0x10b
C  [libjdwp.dylib+0x535c]  methodsWithGeneric+0xe
C  [libjdwp.dylib+0xe8f6]  debugLoop_run+0x1ce
C  [libjdwp.dylib+0x1f716]  attachThread+0x4d
V  [libjvm.dylib+0x3762ce]
V  [libjvm.dylib+0x535ed9]
V  [libjvm.dylib+0x53761c]
V  [libjvm.dylib+0x45d87e]
C  [libsystem_pthread.dylib+0x39b1]  _pthread_body+0x83
C  [libsystem_pthread.dylib+0x392e]  _pthread_body+0x0
C  [libsystem_pthread.dylib+0x1385]  thread_start+0xd
C  0x0000000000000000


---------------  P R O C E S S  ---------------

Java Threads: ( => current thread )
  0x00007fc31c01d800 JavaThread "Service Thread" daemon [_thread_blocked, id=20483, stack(0x00007000011d0000,0x00007000012d0000)]
  0x00007fc31c01c000 JavaThread "C1 CompilerThread2" daemon [_thread_blocked, id=19971, stack(0x00007000010cd000,0x00007000011cd000)]
  0x00007fc31b004000 JavaThread "C2 CompilerThread1" daemon [_thread_blocked, id=19459, stack(0x0000700000fca000,0x00007000010ca000)]
  0x00007fc31b830800 JavaThread "C2 CompilerThread0" daemon [_thread_blocked, id=18947, stack(0x0000700000ec7000,0x0000700000fc7000)]
  0x00007fc31c01d000 JavaThread "JDWP Command Reader" daemon [_thread_in_native, id=18435, stack(0x0000700000dc4000,0x0000700000ec4000)]
  0x00007fc31b831800 JavaThread "JDWP Event Helper Thread" daemon [_thread_blocked, id=17923, stack(0x0000700000cc1000,0x0000700000dc1000)]
=>0x00007fc31c014800 JavaThread "JDWP Transport Listener: dt_socket" daemon [_thread_in_vm, id=17411, stack(0x0000700000bbe000,0x0000700000cbe000)]
  0x00007fc31b82f000 JavaThread "Signal Dispatcher" daemon [_thread_blocked, id=16659, stack(0x0000700000abb000,0x0000700000bbb000)]
  0x00007fc31c81c800 JavaThread "Finalizer" daemon [_thread_blocked, id=12291, stack(0x000070000082f000,0x000070000092f000)]
  0x00007fc31c81c000 JavaThread "Reference Handler" daemon [_thread_blocked, id=11779, stack(0x000070000072c000,0x000070000082c000)]
  0x00007fc31c001000 JavaThread "main" [_thread_blocked, id=5891, stack(0x000070000011a000,0x000070000021a000)]

Other Threads:
  0x00007fc31c817000 VMThread [stack: 0x0000700000629000,0x0000700000729000] [id=11267]
  0x00007fc31b82c000 WatcherThread [stack: 0x00007000012d3000,0x00007000013d3000] [id=20995]

VM state:not at safepoint (normal execution)

VM Mutex/Monitor currently owned by a thread: None

Heap:
 PSYoungGen      total 38400K, used 3993K [0x0000000795580000, 0x0000000798000000, 0x00000007c0000000)
  eden space 33280K, 12% used [0x0000000795580000,0x0000000795966798,0x0000000797600000)
  from space 5120K, 0% used [0x0000000797b00000,0x0000000797b00000,0x0000000798000000)
  to   space 5120K, 0% used [0x0000000797600000,0x0000000797600000,0x0000000797b00000)
 ParOldGen       total 87552K, used 0K [0x0000000740000000, 0x0000000745580000, 0x0000000795580000)
  object space 87552K, 0% used [0x0000000740000000,0x0000000740000000,0x0000000745580000)
 Metaspace       used 3709K, capacity 4684K, committed 4864K, reserved 1056768K
  class space    used 407K, capacity 436K, committed 512K, reserved 1048576K

Card table byte_map: [0x0000000115edc000,0x00000001162dd000] byte_map_base: 0x00000001124dc000

Marking Bits: (ParMarkBitMap*) 0x000000010649d390
 Begin Bits: [0x0000000116588000, 0x0000000118588000)
 End Bits:   [0x0000000118588000, 0x000000011a588000)

Polling page: 0x0000000105365000

CodeCache: size=245760Kb used=1349Kb max_used=1349Kb free=244410Kb
 bounds [0x0000000106b1c000, 0x0000000106d8c000, 0x0000000115b1c000]
 total_blobs=380 nmethods=143 adapters=160
 compilation: enabled

Compilation events (10 events):
Event: 2.600 Thread 0x00007fc31c01c000  141       3       java.io.OutputStream::flush (1 bytes)
Event: 2.600 Thread 0x00007fc31c01c000 nmethod 141 0x0000000106c646d0 code [0x0000000106c64820, 0x0000000106c64970]
Event: 2.600 Thread 0x00007fc31c01c000  142       3       java.nio.Buffer::<init> (121 bytes)
Event: 2.603 Thread 0x00007fc31c01c000 nmethod 142 0x0000000106c649d0 code [0x0000000106c64ca0, 0x0000000106c660c8]
Event: 2.603 Thread 0x00007fc31c01c000  143       3       sun.nio.cs.UTF_8$Encoder::encodeArrayLoop (489 bytes)
Event: 2.607 Thread 0x00007fc31c01c000 nmethod 143 0x0000000106c66a90 code [0x0000000106c67060, 0x0000000106c6a5a8]
Event: 2.607 Thread 0x00007fc31c01c000  138       3       java.io.FileOutputStream::write (12 bytes)
Event: 2.608 Thread 0x00007fc31c01c000 nmethod 138 0x0000000106c6d050 code [0x0000000106c6d1c0, 0x0000000106c6d388]
Event: 2.608 Thread 0x00007fc31c01c000  136       3       java.io.Writer::write (11 bytes)
Event: 2.608 Thread 0x00007fc31c01c000 nmethod 136 0x0000000106c6d450 code [0x0000000106c6d5c0, 0x0000000106c6d8e8]

GC Heap History (0 events):
No events

Deoptimization events (0 events):
No events

Internal exceptions (10 events):
Event: 0.282 Thread 0x00007fc31c001000 Exception <a 'java/security/PrivilegedActionException'> (0x00000007958780a8) thrown at [/HUDSON3/workspace/8-2-build-macosx-x86_64/jdk8u25/1514/hotspot/src/share/vm/prims/jvm.cpp, line 1312]
Event: 0.283 Thread 0x00007fc31c001000 Exception <a 'java/security/PrivilegedActionException'> (0x00000007958783f0) thrown at [/HUDSON3/workspace/8-2-build-macosx-x86_64/jdk8u25/1514/hotspot/src/share/vm/prims/jvm.cpp, line 1312]
Event: 2.560 Thread 0x00007fc31c001000 Exception <a 'java/security/PrivilegedActionException'> (0x00000007958b14b8) thrown at [/HUDSON3/workspace/8-2-build-macosx-x86_64/jdk8u25/1514/hotspot/src/share/vm/prims/jvm.cpp, line 1312]
Event: 2.561 Thread 0x00007fc31c001000 Exception <a 'java/security/PrivilegedActionException'> (0x00000007958b5e18) thrown at [/HUDSON3/workspace/8-2-build-macosx-x86_64/jdk8u25/1514/hotspot/src/share/vm/prims/jvm.cpp, line 1312]
Event: 2.562 Thread 0x00007fc31c001000 Exception <a 'java/security/PrivilegedActionException'> (0x00000007958bba58) thrown at [/HUDSON3/workspace/8-2-build-macosx-x86_64/jdk8u25/1514/hotspot/src/share/vm/prims/jvm.cpp, line 1312]
Event: 2.563 Thread 0x00007fc31c001000 Exception <a 'java/security/PrivilegedActionException'> (0x00000007958bf9c0) thrown at [/HUDSON3/workspace/8-2-build-macosx-x86_64/jdk8u25/1514/hotspot/src/share/vm/prims/jvm.cpp, line 1312]
Event: 2.575 Thread 0x00007fc31c001000 Exception <a 'java/security/PrivilegedActionException'> (0x00000007958cf440) thrown at [/HUDSON3/workspace/8-2-build-macosx-x86_64/jdk8u25/1514/hotspot/src/share/vm/prims/jvm.cpp, line 1312]
Event: 2.589 Thread 0x00007fc31c001000 Exception <a 'java/security/PrivilegedActionException'> (0x00000007958d8200) thrown at [/HUDSON3/workspace/8-2-build-macosx-x86_64/jdk8u25/1514/hotspot/src/share/vm/prims/jvm.cpp, line 1312]
Event: 2.592 Thread 0x00007fc31c001000 Exception <a 'java/security/PrivilegedActionException'> (0x00000007958dc908) thrown at [/HUDSON3/workspace/8-2-build-macosx-x86_64/jdk8u25/1514/hotspot/src/share/vm/prims/jvm.cpp, line 1312]
Event: 2.594 Thread 0x00007fc31c001000 Exception <a 'java/security/PrivilegedActionException'> (0x00000007958e1758) thrown at [/HUDSON3/workspace/8-2-build-macosx-x86_64/jdk8u25/1514/hotspot/src/share/vm/prims/jvm.cpp, line 1312]

Events (10 events):
Event: 680.421 Executing VM operation: ForceSafepoint
Event: 680.421 Executing VM operation: ForceSafepoint done
Event: 680.423 Executing VM operation: ForceSafepoint
Event: 680.423 Executing VM operation: ForceSafepoint done
Event: 680.425 Executing VM operation: ForceSafepoint
Event: 680.425 Executing VM operation: ForceSafepoint done
Event: 977.045 Executing VM operation: ChangeBreakpoints
Event: 977.045 Executing VM operation: ChangeBreakpoints done
Event: 977.045 Executing VM operation: ChangeBreakpoints
Event: 977.045 Executing VM operation: ChangeBreakpoints done


Dynamic libraries:
0x00000000086d0000 	/System/Library/Frameworks/Cocoa.framework/Versions/A/Cocoa
0x00000000086d0000 	/System/Library/Frameworks/Security.framework/Versions/A/Security
0x00000000086d0000 	/System/Library/Frameworks/ApplicationServices.framework/Versions/A/ApplicationServices
0x00000000086d0000 	/usr/lib/libz.1.dylib
0x00000000086d0000 	/usr/lib/libSystem.B.dylib
0x00000000086d0000 	/usr/lib/libobjc.A.dylib
0x00000000086d0000 	/System/Library/Frameworks/CoreFoundation.framework/Versions/A/CoreFoundation
0x00000000086d0000 	/System/Library/Frameworks/Foundation.framework/Versions/C/Foundation
0x00000000086d0000 	/System/Library/Frameworks/AppKit.framework/Versions/C/AppKit
0x00000000086d0000 	/System/Library/Frameworks/CoreData.framework/Versions/A/CoreData
0x00000000086d0000 	/System/Library/PrivateFrameworks/RemoteViewServices.framework/Versions/A/RemoteViewServices
0x00000000086d0000 	/System/Library/PrivateFrameworks/UIFoundation.framework/Versions/A/UIFoundation
0x00000000086d0000 	/usr/lib/libScreenReader.dylib
0x00000000086d0000 	/System/Library/Frameworks/Accelerate.framework/Versions/A/Accelerate
0x00000000086d0000 	/System/Library/Frameworks/IOSurface.framework/Versions/A/IOSurface
0x00000000086d0000 	/System/Library/Frameworks/AudioToolbox.framework/Versions/A/AudioToolbox
0x00000000086d0000 	/System/Library/Frameworks/AudioUnit.framework/Versions/A/AudioUnit
0x00000000086d0000 	/System/Library/PrivateFrameworks/DataDetectorsCore.framework/Versions/A/DataDetectorsCore
0x00000000086d0000 	/System/Library/PrivateFrameworks/DesktopServicesPriv.framework/Versions/A/DesktopServicesPriv
0x00000000086d0000 	/System/Library/Frameworks/Carbon.framework/Versions/A/Frameworks/HIToolbox.framework/Versions/A/HIToolbox
0x00000000086d0000 	/System/Library/Frameworks/QuartzCore.framework/Versions/A/QuartzCore
0x00000000086d0000 	/System/Library/Frameworks/Carbon.framework/Versions/A/Frameworks/SpeechRecognition.framework/Versions/A/SpeechRecognition
0x00000000086d0000 	/usr/lib/libauto.dylib
0x00000000086d0000 	/usr/lib/libicucore.A.dylib
0x00000000086d0000 	/usr/lib/libxml2.2.dylib
0x00000000086d0000 	/System/Library/PrivateFrameworks/CoreUI.framework/Versions/A/CoreUI
0x00000000086d0000 	/System/Library/Frameworks/CoreAudio.framework/Versions/A/CoreAudio
0x00000000086d0000 	/System/Library/Frameworks/DiskArbitration.framework/Versions/A/DiskArbitration
0x00000000086d0000 	/usr/lib/liblangid.dylib
0x00000000086d0000 	/System/Library/PrivateFrameworks/MultitouchSupport.framework/Versions/A/MultitouchSupport
0x00000000086d0000 	/System/Library/Frameworks/IOKit.framework/Versions/A/IOKit
0x00000000086d0000 	/usr/lib/libDiagnosticMessagesClient.dylib
0x00000000086d0000 	/System/Library/Frameworks/CoreServices.framework/Versions/A/CoreServices
0x00000000086d0000 	/System/Library/PrivateFrameworks/PerformanceAnalysis.framework/Versions/A/PerformanceAnalysis
0x00000000086d0000 	/System/Library/PrivateFrameworks/GenerationalStorage.framework/Versions/A/GenerationalStorage
0x00000000086d0000 	/System/Library/Frameworks/OpenGL.framework/Versions/A/OpenGL
0x00000000086d0000 	/System/Library/PrivateFrameworks/Sharing.framework/Versions/A/Sharing
0x00000000086d0000 	/System/Library/Frameworks/CoreGraphics.framework/Versions/A/CoreGraphics
0x00000000086d0000 	/System/Library/Frameworks/CoreImage.framework/Versions/A/CoreImage
0x00000000086d0000 	/System/Library/Frameworks/CoreText.framework/Versions/A/CoreText
0x00000000086d0000 	/System/Library/Frameworks/ImageIO.framework/Versions/A/ImageIO
0x00000000086d0000 	/System/Library/PrivateFrameworks/Backup.framework/Versions/A/Backup
0x00000000086d0000 	/usr/lib/libextension.dylib
0x00000000086d0000 	/usr/lib/libarchive.2.dylib
0x00000000086d0000 	/System/Library/Frameworks/CFNetwork.framework/Versions/A/CFNetwork
0x00000000086d0000 	/System/Library/Frameworks/SystemConfiguration.framework/Versions/A/SystemConfiguration
0x00000000086d0000 	/usr/lib/libCRFSuite.dylib
0x00000000086d0000 	/usr/lib/libc++.1.dylib
0x00000000086d0000 	/usr/lib/libc++abi.dylib
0x00000000086d0000 	/usr/lib/system/libcache.dylib
0x00000000086d0000 	/usr/lib/system/libcommonCrypto.dylib
0x00000000086d0000 	/usr/lib/system/libcompiler_rt.dylib
0x00000000086d0000 	/usr/lib/system/libcopyfile.dylib
0x00000000086d0000 	/usr/lib/system/libcorecrypto.dylib
0x00000000086d0000 	/usr/lib/system/libdispatch.dylib
0x00000000086d0000 	/usr/lib/system/libdyld.dylib
0x00000000086d0000 	/usr/lib/system/libkeymgr.dylib
0x00000000086d0000 	/usr/lib/system/liblaunch.dylib
0x00000000086d0000 	/usr/lib/system/libmacho.dylib
0x00000000086d0000 	/usr/lib/system/libquarantine.dylib
0x00000000086d0000 	/usr/lib/system/libremovefile.dylib
0x00000000086d0000 	/usr/lib/system/libsystem_asl.dylib
0x00000000086d0000 	/usr/lib/system/libsystem_blocks.dylib
0x00000000086d0000 	/usr/lib/system/libsystem_c.dylib
0x00000000086d0000 	/usr/lib/system/libsystem_configuration.dylib
0x00000000086d0000 	/usr/lib/system/libsystem_coreservices.dylib
0x00000000086d0000 	/usr/lib/system/libsystem_coretls.dylib
0x00000000086d0000 	/usr/lib/system/libsystem_dnssd.dylib
0x00000000086d0000 	/usr/lib/system/libsystem_info.dylib
0x00000000086d0000 	/usr/lib/system/libsystem_kernel.dylib
0x00000000086d0000 	/usr/lib/system/libsystem_m.dylib
0x00000000086d0000 	/usr/lib/system/libsystem_malloc.dylib
0x00000000086d0000 	/usr/lib/system/libsystem_network.dylib
0x00000000086d0000 	/usr/lib/system/libsystem_networkextension.dylib
0x00000000086d0000 	/usr/lib/system/libsystem_notify.dylib
0x00000000086d0000 	/usr/lib/system/libsystem_platform.dylib
0x00000000086d0000 	/usr/lib/system/libsystem_pthread.dylib
0x00000000086d0000 	/usr/lib/system/libsystem_sandbox.dylib
0x00000000086d0000 	/usr/lib/system/libsystem_secinit.dylib
0x00000000086d0000 	/usr/lib/system/libsystem_trace.dylib
0x00000000086d0000 	/usr/lib/system/libunc.dylib
0x00000000086d0000 	/usr/lib/system/libunwind.dylib
0x00000000086d0000 	/usr/lib/system/libxpc.dylib
0x00000000086d0000 	/usr/lib/libenergytrace.dylib
0x00000000086d0000 	/usr/lib/libbsm.0.dylib
0x00000000086d0000 	/usr/lib/system/libkxld.dylib
0x00000000086d0000 	/usr/lib/libxar.1.dylib
0x00000000086d0000 	/usr/lib/libsqlite3.dylib
0x00000000086d0000 	/usr/lib/libpam.2.dylib
0x00000000086d0000 	/usr/lib/libOpenScriptingUtil.dylib
0x00000000086d0000 	/usr/lib/libbz2.1.0.dylib
0x00000000086d0000 	/usr/lib/liblzma.5.dylib
0x00000000086d0000 	/System/Library/Frameworks/CoreServices.framework/Versions/A/Frameworks/FSEvents.framework/Versions/A/FSEvents
0x00000000086d0000 	/System/Library/Frameworks/CoreServices.framework/Versions/A/Frameworks/CarbonCore.framework/Versions/A/CarbonCore
0x00000000086d0000 	/System/Library/Frameworks/CoreServices.framework/Versions/A/Frameworks/Metadata.framework/Versions/A/Metadata
0x00000000086d0000 	/System/Library/Frameworks/CoreServices.framework/Versions/A/Frameworks/OSServices.framework/Versions/A/OSServices
0x00000000086d0000 	/System/Library/Frameworks/CoreServices.framework/Versions/A/Frameworks/SearchKit.framework/Versions/A/SearchKit
0x00000000086d0000 	/System/Library/Frameworks/CoreServices.framework/Versions/A/Frameworks/AE.framework/Versions/A/AE
0x00000000086d0000 	/System/Library/Frameworks/CoreServices.framework/Versions/A/Frameworks/LaunchServices.framework/Versions/A/LaunchServices
0x00000000086d0000 	/System/Library/Frameworks/CoreServices.framework/Versions/A/Frameworks/DictionaryServices.framework/Versions/A/DictionaryServices
0x00000000086d0000 	/System/Library/Frameworks/CoreServices.framework/Versions/A/Frameworks/SharedFileList.framework/Versions/A/SharedFileList
0x00000000086d0000 	/System/Library/Frameworks/NetFS.framework/Versions/A/NetFS
0x00000000086d0000 	/System/Library/PrivateFrameworks/NetAuth.framework/Versions/A/NetAuth
0x00000000086d0000 	/System/Library/PrivateFrameworks/login.framework/Versions/A/Frameworks/loginsupport.framework/Versions/A/loginsupport
0x00000000086d0000 	/System/Library/PrivateFrameworks/TCC.framework/Versions/A/TCC
0x00000000086d0000 	/usr/lib/libmecabra.dylib
0x00000000086d0000 	/System/Library/Frameworks/ApplicationServices.framework/Versions/A/Frameworks/ATS.framework/Versions/A/ATS
0x00000000086d0000 	/System/Library/Frameworks/ApplicationServices.framework/Versions/A/Frameworks/ColorSync.framework/Versions/A/ColorSync
0x00000000086d0000 	/System/Library/Frameworks/ApplicationServices.framework/Versions/A/Frameworks/HIServices.framework/Versions/A/HIServices
0x00000000086d0000 	/System/Library/Frameworks/ApplicationServices.framework/Versions/A/Frameworks/LangAnalysis.framework/Versions/A/LangAnalysis
0x00000000086d0000 	/System/Library/Frameworks/ApplicationServices.framework/Versions/A/Frameworks/PrintCore.framework/Versions/A/PrintCore
0x00000000086d0000 	/System/Library/Frameworks/ApplicationServices.framework/Versions/A/Frameworks/QD.framework/Versions/A/QD
0x00000000086d0000 	/System/Library/Frameworks/ApplicationServices.framework/Versions/A/Frameworks/SpeechSynthesis.framework/Versions/A/SpeechSynthesis
0x00000000086d0000 	/System/Library/Frameworks/Metal.framework/Versions/A/Metal
0x00000000086d0000 	/System/Library/Frameworks/Accelerate.framework/Versions/A/Frameworks/vImage.framework/Versions/A/vImage
0x00000000086d0000 	/System/Library/Frameworks/Accelerate.framework/Versions/A/Frameworks/vecLib.framework/Versions/A/vecLib
0x00000000086d0000 	/System/Library/Frameworks/Accelerate.framework/Versions/A/Frameworks/vecLib.framework/Versions/A/libvDSP.dylib
0x00000000086d0000 	/System/Library/Frameworks/Accelerate.framework/Versions/A/Frameworks/vecLib.framework/Versions/A/libvMisc.dylib
0x00000000086d0000 	/System/Library/Frameworks/Accelerate.framework/Versions/A/Frameworks/vecLib.framework/Versions/A/libLAPACK.dylib
0x00000000086d0000 	/System/Library/Frameworks/Accelerate.framework/Versions/A/Frameworks/vecLib.framework/Versions/A/libBLAS.dylib
0x00000000086d0000 	/System/Library/Frameworks/Accelerate.framework/Versions/A/Frameworks/vecLib.framework/Versions/A/libLinearAlgebra.dylib
0x00000000086d0000 	/System/Library/Frameworks/Accelerate.framework/Versions/A/Frameworks/vecLib.framework/Versions/A/libSparseBLAS.dylib
0x00000000086d0000 	/System/Library/PrivateFrameworks/GPUCompiler.framework/libmetal_timestamp.dylib
0x00000000086d0000 	/System/Library/Frameworks/OpenGL.framework/Versions/A/Libraries/libCoreFSCache.dylib
0x00000000086d0000 	/System/Library/PrivateFrameworks/IOAccelerator.framework/Versions/A/IOAccelerator
0x00000000086d0000 	/System/Library/Frameworks/ApplicationServices.framework/Versions/A/Frameworks/ATS.framework/Versions/A/Resources/libFontParser.dylib
0x00000000086d0000 	/System/Library/Frameworks/ApplicationServices.framework/Versions/A/Frameworks/ATS.framework/Versions/A/Resources/libFontRegistry.dylib
0x00000000086d0000 	/System/Library/PrivateFrameworks/AppleVPA.framework/Versions/A/AppleVPA
0x00000000086d0000 	/System/Library/PrivateFrameworks/AppleJPEG.framework/Versions/A/AppleJPEG
0x00000000086d0000 	/System/Library/Frameworks/ImageIO.framework/Versions/A/Resources/libJPEG.dylib
0x00000000086d0000 	/System/Library/Frameworks/ImageIO.framework/Versions/A/Resources/libTIFF.dylib
0x00000000086d0000 	/System/Library/Frameworks/ImageIO.framework/Versions/A/Resources/libPng.dylib
0x00000000086d0000 	/System/Library/Frameworks/ImageIO.framework/Versions/A/Resources/libGIF.dylib
0x00000000086d0000 	/System/Library/Frameworks/ImageIO.framework/Versions/A/Resources/libJP2.dylib
0x00000000086d0000 	/System/Library/Frameworks/ImageIO.framework/Versions/A/Resources/libRadiance.dylib
0x00000000086d0000 	/System/Library/Frameworks/CoreVideo.framework/Versions/A/CoreVideo
0x00000000086d0000 	/System/Library/Frameworks/OpenGL.framework/Versions/A/Libraries/libGLU.dylib
0x00000000086d0000 	/System/Library/Frameworks/OpenGL.framework/Versions/A/Libraries/libGFXShared.dylib
0x00000000086d0000 	/System/Library/Frameworks/OpenGL.framework/Versions/A/Libraries/libGL.dylib
0x00000000086d0000 	/System/Library/Frameworks/OpenGL.framework/Versions/A/Libraries/libGLImage.dylib
0x00000000086d0000 	/System/Library/Frameworks/OpenGL.framework/Versions/A/Libraries/libCVMSPluginSupport.dylib
0x00000000086d0000 	/System/Library/Frameworks/OpenGL.framework/Versions/A/Libraries/libCoreVMClient.dylib
0x00000000086d0000 	/usr/lib/libcups.2.dylib
0x00000000086d0000 	/System/Library/Frameworks/Kerberos.framework/Versions/A/Kerberos
0x00000000086d0000 	/System/Library/Frameworks/GSS.framework/Versions/A/GSS
0x00000000086d0000 	/usr/lib/libresolv.9.dylib
0x00000000086d0000 	/usr/lib/libiconv.2.dylib
0x00000000086d0000 	/System/Library/PrivateFrameworks/Heimdal.framework/Versions/A/Heimdal
0x00000000086d0000 	/usr/lib/libheimdal-asn1.dylib
0x00000000086d0000 	/System/Library/Frameworks/OpenDirectory.framework/Versions/A/OpenDirectory
0x00000000086d0000 	/System/Library/PrivateFrameworks/CommonAuth.framework/Versions/A/CommonAuth
0x00000000086d0000 	/System/Library/Frameworks/OpenDirectory.framework/Versions/A/Frameworks/CFOpenDirectory.framework/Versions/A/CFOpenDirectory
0x00000000086d0000 	/System/Library/Frameworks/SecurityFoundation.framework/Versions/A/SecurityFoundation
0x00000000086d0000 	/System/Library/PrivateFrameworks/LanguageModeling.framework/Versions/A/LanguageModeling
0x00000000086d0000 	/usr/lib/libmarisa.dylib
0x00000000086d0000 	/usr/lib/libChineseTokenizer.dylib
0x00000000086d0000 	/usr/lib/libcmph.dylib
0x00000000086d0000 	/usr/lib/libcompression.dylib
0x00000000086d0000 	/System/Library/Frameworks/ServiceManagement.framework/Versions/A/ServiceManagement
0x00000000086d0000 	/usr/lib/libxslt.1.dylib
0x00000000086d0000 	/System/Library/Frameworks/Carbon.framework/Versions/A/Frameworks/Ink.framework/Versions/A/Ink
0x00000000086d0000 	/usr/lib/libFosl_dynamic.dylib
0x00000000086d0000 	/System/Library/PrivateFrameworks/FaceCore.framework/Versions/A/FaceCore
0x00000000086d0000 	/System/Library/Frameworks/OpenCL.framework/Versions/A/OpenCL
0x00000000086d0000 	/System/Library/PrivateFrameworks/CrashReporterSupport.framework/Versions/A/CrashReporterSupport
0x00000000086d0000 	/System/Library/PrivateFrameworks/IconServices.framework/Versions/A/IconServices
0x00000000086d0000 	/System/Library/PrivateFrameworks/Apple80211.framework/Versions/A/Apple80211
0x00000000086d0000 	/System/Library/Frameworks/CoreWLAN.framework/Versions/A/CoreWLAN
0x00000000086d0000 	/System/Library/Frameworks/IOBluetooth.framework/Versions/A/IOBluetooth
0x00000000086d0000 	/System/Library/PrivateFrameworks/CoreWiFi.framework/Versions/A/CoreWiFi
0x00000000086d0000 	/System/Library/Frameworks/CoreBluetooth.framework/Versions/A/CoreBluetooth
0x00000000086d0000 	/System/Library/PrivateFrameworks/ChunkingLibrary.framework/Versions/A/ChunkingLibrary
0x00000000086d0000 	/System/Library/PrivateFrameworks/DebugSymbols.framework/Versions/A/DebugSymbols
0x00000000086d0000 	/System/Library/PrivateFrameworks/CoreSymbolication.framework/Versions/A/CoreSymbolication
0x00000000086d0000 	/System/Library/PrivateFrameworks/Symbolication.framework/Versions/A/Symbolication
0x00000000086d0000 	/System/Library/PrivateFrameworks/SpeechRecognitionCore.framework/Versions/A/SpeechRecognitionCore
0x0000000105c00000 	/Library/Java/JavaVirtualMachines/jdk1.8.0_25.jdk/Contents/Home/jre/lib/server/libjvm.dylib
0x00000000086d0000 	/usr/lib/libstdc++.6.dylib
0x0000000105323000 	/Library/Java/JavaVirtualMachines/jdk1.8.0_25.jdk/Contents/Home/jre/lib/libverify.dylib
0x0000000105331000 	/Library/Java/JavaVirtualMachines/jdk1.8.0_25.jdk/Contents/Home/jre/lib/libjava.dylib
0x0000000105366000 	/Library/Java/JavaVirtualMachines/jdk1.8.0_25.jdk/Contents/Home/jre/lib/libjdwp.dylib
0x00000001053b1000 	/Library/Java/JavaVirtualMachines/jdk1.8.0_25.jdk/Contents/Home/jre/lib/libnpt.dylib
0x00000001053be000 	/Library/Java/JavaVirtualMachines/jdk1.8.0_25.jdk/Contents/Home/jre/lib/libzip.dylib
0x000000011c453000 	/System/Library/Frameworks/JavaVM.framework/Frameworks/JavaRuntimeSupport.framework/JavaRuntimeSupport
0x000000011c46e000 	/System/Library/Frameworks/JavaVM.framework/Versions/A/Frameworks/JavaNativeFoundation.framework/Versions/A/JavaNativeFoundation
0x00000001053f0000 	/System/Library/Frameworks/JavaVM.framework/Versions/A/JavaVM
0x00000000086d0000 	/System/Library/Frameworks/Carbon.framework/Versions/A/Carbon
0x000000011c483000 	/System/Library/PrivateFrameworks/JavaLaunching.framework/Versions/A/JavaLaunching
0x00000000086d0000 	/System/Library/Frameworks/Carbon.framework/Versions/A/Frameworks/CommonPanels.framework/Versions/A/CommonPanels
0x00000000086d0000 	/System/Library/Frameworks/Carbon.framework/Versions/A/Frameworks/Help.framework/Versions/A/Help
0x00000000086d0000 	/System/Library/Frameworks/Carbon.framework/Versions/A/Frameworks/ImageCapture.framework/Versions/A/ImageCapture
0x00000000086d0000 	/System/Library/Frameworks/Carbon.framework/Versions/A/Frameworks/OpenScripting.framework/Versions/A/OpenScripting
0x00000000086d0000 	/System/Library/Frameworks/Carbon.framework/Versions/A/Frameworks/Print.framework/Versions/A/Print
0x00000000086d0000 	/System/Library/Frameworks/Carbon.framework/Versions/A/Frameworks/SecurityHI.framework/Versions/A/SecurityHI
0x000000011dda1000 	/Library/Java/JavaVirtualMachines/jdk1.8.0_25.jdk/Contents/Home/jre/lib/libdt_socket.dylib

VM Arguments:
jvm_args: -agentlib:jdwp=transport=dt_socket,address=127.0.0.1:52940,suspend=y,server=n -Dfile.encoding=UTF-8 
java_command: ca.concordia.davidazar.Main
java_class_path (initial): /Library/Java/JavaVirtualMachines/jdk1.8.0_25.jdk/Contents/Home/lib/ant-javafx.jar:/Library/Java/JavaVirtualMachines/jdk1.8.0_25.jdk/Contents/Home/lib/dt.jar:/Library/Java/JavaVirtualMachines/jdk1.8.0_25.jdk/Contents/Home/lib/javafx-mx.jar:/Library/Java/JavaVirtualMachines/jdk1.8.0_25.jdk/Contents/Home/lib/jconsole.jar:/Library/Java/JavaVirtualMachines/jdk1.8.0_25.jdk/Contents/Home/lib/sa-jdi.jar:/Library/Java/JavaVirtualMachines/jdk1.8.0_25.jdk/Contents/Home/lib/tools.jar:/Library/Java/JavaVirtualMachines/jdk1.8.0_25.jdk/Contents/Home/jre/lib/charsets.jar:/Library/Java/JavaVirtualMachines/jdk1.8.0_25.jdk/Contents/Home/jre/lib/deploy.jar:/Library/Java/JavaVirtualMachines/jdk1.8.0_25.jdk/Contents/Home/jre/lib/javaws.jar:/Library/Java/JavaVirtualMachines/jdk1.8.0_25.jdk/Contents/Home/jre/lib/jce.jar:/Library/Java/JavaVirtualMachines/jdk1.8.0_25.jdk/Contents/Home/jre/lib/jfr.jar:/Library/Java/JavaVirtualMachines/jdk1.8.0_25.jdk/Contents/Home/jre/lib/jfxswt.jar:/Library/Java/JavaVirtualMachines/jdk1.8.0_25.jdk/Contents/Home/jre/lib/jsse.jar:/Library/Java/JavaVirtualMachines/jdk1.8.0_25.jdk/Contents/Home/jre/lib/management-agent.jar:/Library/Java/JavaVirtualMachines/jdk1.8.0_25.jdk/Contents/Home/jre/lib/plugin.jar:/Library/Java/JavaVirtualMachines/jdk1.8.0_25.jdk/Contents/Home/jre/lib/resources.jar:/Library/Java/JavaVirtualMachines/jdk1.8.0_25.jdk/Contents/Home/jre/lib/rt.jar:/Library/Java/JavaVirtualMachines/jdk1.8.0_25.jdk/Contents/Home/jre/lib/ext/cldrdata.jar:/Library/Java/JavaVirtualMachines/jdk1.8.0_25.jdk/Contents/Home/jre/lib/ext/dnsns.jar:/Library/Java/JavaVirtualMachines/jdk1.8.0_25.jdk/Contents/Home/jre/lib/ext/jfxrt.jar:/Library/Java/JavaVirtualMachines/jdk1.8.0_25.jdk/Contents/Home/jre/lib/ext/localedata.jar:/Library/Java/JavaVirtualMachines/jdk1.8.0_25.jdk/Contents/Home/jre/lib/ext/nashorn.jar:/Library/Java/JavaVirtualMachines/jdk1.8.0_25.jdk/Contents/Home/jre/lib/ext/sunec.jar:/Library/Java/JavaVirtualMachines/jdk1.8.0_25.jdk/C
Launcher Type: SUN_STANDARD

Environment Variables:
JAVA_HOME=/Library/Java/JavaVirtualMachines/jdk1.8.0_25.jdk/Contents/Home
PATH=/David.rvm/gems/ruby-2.2.0/bin:/David.rvm/gems/ruby-2.2.0@global/bin:/David.rvm/rubies/ruby-2.2.0/bin:/usr/local/bin:/usr/bin:/bin:/usr/sbin:/sbin:/David.rvm/bin:/Users/David 1/Home/Android/SDK/android-sdk-macosx/platform-tools/
SHELL=/bin/bash

Signal Handlers:
SIGSEGV: [libjvm.dylib+0x579dc7], sa_mask[0]=11111111011111110111111111111111, sa_flags=SA_ONSTACK|SA_RESTART|SA_SIGINFO
SIGBUS: [libjvm.dylib+0x579dc7], sa_mask[0]=11111111011111110111111111111111, sa_flags=SA_RESTART|SA_SIGINFO
SIGFPE: [libjvm.dylib+0x45b030], sa_mask[0]=11111111011111110111111111111111, sa_flags=SA_RESTART|SA_SIGINFO
SIGPIPE: [libjvm.dylib+0x45b030], sa_mask[0]=11111111011111110111111111111111, sa_flags=SA_RESTART|SA_SIGINFO
SIGXFSZ: [libjvm.dylib+0x45b030], sa_mask[0]=11111111011111110111111111111111, sa_flags=SA_RESTART|SA_SIGINFO
SIGILL: [libjvm.dylib+0x45b030], sa_mask[0]=11111111011111110111111111111111, sa_flags=SA_RESTART|SA_SIGINFO
SIGUSR1: SIG_DFL, sa_mask[0]=00000000000000000000000000000000, sa_flags=none
SIGUSR2: [libjvm.dylib+0x45ab4e], sa_mask[0]=00100000000000000000000000000000, sa_flags=SA_RESTART|SA_SIGINFO
SIGHUP: [libjvm.dylib+0x459121], sa_mask[0]=11111111011111110111111111111111, sa_flags=SA_RESTART|SA_SIGINFO
SIGINT: [libjvm.dylib+0x459121], sa_mask[0]=11111111011111110111111111111111, sa_flags=SA_RESTART|SA_SIGINFO
SIGTERM: [libjvm.dylib+0x459121], sa_mask[0]=11111111011111110111111111111111, sa_flags=SA_RESTART|SA_SIGINFO
SIGQUIT: [libjvm.dylib+0x459121], sa_mask[0]=11111111011111110111111111111111, sa_flags=SA_RESTART|SA_SIGINFO


---------------  S Y S T E M  ---------------

OS:Bsduname:Darwin 15.0.0 Darwin Kernel Version 15.0.0: Wed Aug 26 16:57:32 PDT 2015; root:xnu-3247.1.106~1/RELEASE_X86_64 x86_64
rlimit: STACK 8192k, CORE 0k, NPROC 709, NOFILE 10240, AS infinity
load average:4.68 3.70 3.40

CPU:total 4 (2 cores per cpu, 2 threads per core) family 6 model 58 stepping 9, cmov, cx8, fxsr, mmx, sse, sse2, sse3, ssse3, sse4.1, sse4.2, popcnt, avx, aes, clmul, erms, ht, tsc, tscinvbit, tscinv

Memory: 4k page, physical 8388608k(1218628k free)

/proc/meminfo:


vm_info: Java HotSpot(TM) 64-Bit Server VM (25.25-b02) for bsd-amd64 JRE (1.8.0_25-b17), built on Sep 17 2014 16:56:50 by "java_re" with gcc 4.2.1 (Based on Apple Inc. build 5658) (LLVM build 2336.11.00)

time: Mon Nov 16 15:40:21 2015
elapsed time: 977 seconds (0d 0h 16m 17s)

